<?xml version="1.0" encoding="utf-8"?><testsuites name="pytest tests"><testsuite name="pytest" errors="0" failures="0" skipped="0" tests="10" time="2.443" timestamp="2026-07-22T18:58:25.379402+00:00" hostname="agent-env-1fcaea89-cf9b-45d1-a087-b9392744fbfa"><testcase classname="tests.test_backend.TestChat" name="test_chat_message_requires_auth" time="0.235" /><testcase classname="tests.test_backend.TestChat" name="test_chat_message_returns_reply" time="1.035" /><testcase classname="tests.test_backend.TestAuth" name="test_signup_returns_jwt" time="0.762" /><testcase classname="tests.test_backend.TestAuth" name="test_login_returns_jwt" time="0.287" /><testcase classname="tests.test_backend.TestAuth" name="test_login_wrong_password" time="0.466" /><testcase classname="tests.test_backend.TestTranscribe" name="test_transcribe_requires_auth" time="0.245" /><testcase classname="tests.test_backend.TestAuth" name="test_me_returns_user_with_token" time="0.213" /><testcase classname="tests.test_backend.TestTranscribe" name="test_transcribe_returns_json_shape" time="0.505" /><testcase classname="tests.test_backend.TestAuth" name="test_me_requires_auth" time="0.292" /><testcase classname="tests.test_backend.TestHealth" name="test_root_ok_and_groq" time="0.110" /></testsuite></testsuites>